<?xml version="1.0" encoding="UTF-8"?>
<!-- Generated by org.testng.reporters.JUnitReportReporter -->
<testsuite skipped="0" hostname="INshwetas-MacBook-Pro.local" name="TestCases.CreatingNewAppointment" tests="1" failures="0" timestamp="2019-09-04T17:52:43 IST" time="5.037" errors="0">
  <testcase name="appointment" time="5.037" classname="TestCases.CreatingNewAppointment"/>
</testsuite> <!-- TestCases.CreatingNewAppointment -->
