<?xml version="1.0" encoding="UTF-8"?>
<!-- Generated by org.testng.reporters.JUnitReportReporter -->
<testsuite skipped="0" hostname="INshwetas-MacBook-Pro.local" name="TestCases.CompletedAppointment" tests="1" failures="0" timestamp="2019-09-04T16:54:01 IST" time="46.896" errors="0">
  <testcase name="completeAppointmentTest" time="46.896" classname="TestCases.CompletedAppointment"/>
</testsuite> <!-- TestCases.CompletedAppointment -->
