<?xml version="1.0" encoding="UTF-8"?>
<!-- Generated by org.testng.reporters.JUnitReportReporter -->
<testsuite skipped="0" hostname="INshwetas-MacBook-Pro.local" name="TestCases.CheckInAppointment" tests="1" failures="0" timestamp="2019-09-04T16:54:01 IST" time="49.030" errors="0">
  <testcase name="checkinAppointmentTest" time="49.030" classname="TestCases.CheckInAppointment"/>
</testsuite> <!-- TestCases.CheckInAppointment -->
