<?xml version="1.0" encoding="UTF-8"?>
<!-- Generated by org.testng.reporters.JUnitReportReporter -->
<testsuite skipped="0" hostname="INshwetas-MacBook-Pro.local" name="TestCases.EditAppointment" tests="1" failures="0" timestamp="2019-09-04T16:54:01 IST" time="49.893" errors="0">
  <testcase name="editAppointmentTest" time="49.893" classname="TestCases.EditAppointment"/>
</testsuite> <!-- TestCases.EditAppointment -->
