<?xml version="1.0" encoding="UTF-8"?>
<!-- Generated by org.testng.reporters.JUnitReportReporter -->
<testsuite skipped="0" hostname="INshwetas-MacBook-Pro.local" name="TestCases.AppointmentOptions" tests="1" failures="0" timestamp="2019-09-14T14:42:25 IST" time="69.111" errors="0">
  <testcase name="editAppointmentTest" time="69.111" classname="TestCases.AppointmentOptions"/>
</testsuite> <!-- TestCases.AppointmentOptions -->
